<?xml version="1.0" encoding="UTF-8"?>
<!-- Generated by org.testng.reporters.JUnitReportReporter -->
<testsuite hostname="DESKTOP-FEKF3IO" failures="0" tests="1" name="testJava.GoogleCovidReport" time="33.061" errors="0" timestamp="2022-07-03T13:45:29 IST" skipped="0">
  <testcase classname="testJava.GoogleCovidReport" name="validateCovidGraph" time="33.061"/>
  <system-out/>
</testsuite> <!-- testJava.GoogleCovidReport -->
